mode: set
backend/middleware/error_handler.go:13.51,14.71 1 1
backend/middleware/error_handler.go:14.71,15.16 1 1
backend/middleware/error_handler.go:15.16,16.36 1 1
backend/middleware/error_handler.go:16.36,28.5 4 1
backend/middleware/error_handler.go:31.3,31.23 1 1
backend/middleware/error_handler.go:36.43,37.71 1 0
backend/middleware/error_handler.go:37.71,42.28 4 0
backend/middleware/error_handler.go:42.28,45.4 2 0
backend/middleware/error_handler.go:47.3,47.23 1 0
backend/middleware/error_handler.go:52.52,53.71 1 0
backend/middleware/error_handler.go:53.71,65.3 5 0
backend/middleware/error_handler.go:75.49,78.2 2 0
backend/models/hello_world.go:29.46,30.18 1 1
backend/models/hello_world.go:30.18,32.3 1 1
backend/models/hello_world.go:33.2,33.12 1 1
backend/models/hello_world.go:43.42,45.2 1 1
backend/models/response.go:31.76,40.2 1 1
backend/models/response.go:43.65,50.2 1 1
backend/models/response.go:53.80,57.56 3 1
backend/models/response.go:57.56,59.3 1 0
backend/models/response.go:63.83,66.2 2 1
backend/models/response.go:69.90,72.2 2 1
backend/models/response.go:75.65,77.2 1 1
backend/models/response.go:80.63,82.2 1 1
backend/models/response.go:85.63,87.2 1 0
backend/models/response.go:90.63,92.2 1 1
backend/utils/mock.go:12.30,14.2 1 1
backend/utils/mock.go:17.84,25.2 1 1
backend/utils/mock.go:28.75,45.2 1 1
backend/utils/mock.go:48.83,49.13 1 1
backend/utils/mock.go:49.13,57.3 1 1
backend/utils/mock.go:58.2,58.12 1 1
backend/router/router.go:14.113,35.39 13 1
backend/router/router.go:35.39,40.52 2 1
backend/router/router.go:40.52,45.4 4 1
backend/router/router.go:49.2,49.67 1 1
backend/router/router.go:49.67,51.3 1 0
backend/router/router.go:53.2,53.10 1 1
backend/services/hello_world_service.go:17.58,19.2 1 1
backend/services/hello_world_service.go:22.72,28.2 1 1
backend/services/hello_world_service.go:31.116,33.43 1 1
backend/services/hello_world_service.go:33.43,35.3 1 1
backend/services/hello_world_service.go:38.2,62.16 6 1
backend/services/hello_world_service.go:62.16,64.3 1 0
backend/services/hello_world_service.go:66.2,66.21 1 1
backend/services/hello_world_service.go:70.89,78.16 3 1
backend/services/hello_world_service.go:78.16,80.3 1 0
backend/services/hello_world_service.go:81.2,84.18 3 1
backend/services/hello_world_service.go:84.18,93.17 3 1
backend/services/hello_world_service.go:93.17,95.4 1 0
backend/services/hello_world_service.go:96.3,96.35 1 1
backend/services/hello_world_service.go:99.2,99.34 1 1
backend/services/hello_world_service.go:99.34,101.3 1 0
backend/services/hello_world_service.go:103.2,103.22 1 1
backend/services/hello_world_service.go:107.97,123.16 4 1
backend/services/hello_world_service.go:123.16,124.27 1 1
backend/services/hello_world_service.go:124.27,126.4 1 1
backend/services/hello_world_service.go:127.3,127.71 1 0
backend/services/hello_world_service.go:130.2,130.18 1 1
backend/config/config.go:20.27,30.2 1 1
backend/config/config.go:33.46,34.42 1 1
backend/config/config.go:34.42,36.3 1 1
backend/config/config.go:37.2,37.21 1 1
backend/config/config.go:41.32,43.16 2 1
backend/config/config.go:43.16,45.3 1 1
backend/config/config.go:46.2,46.13 1 1
backend/config/database.go:23.56,32.2 1 1
backend/config/database.go:35.56,38.2 1 1
backend/config/database.go:41.54,43.16 2 1
backend/config/database.go:43.16,45.3 1 0
backend/config/database.go:48.2,53.34 4 1
backend/config/database.go:53.34,55.3 1 1
backend/config/database.go:57.2,58.16 2 1
backend/config/database.go:62.45,63.15 1 1
backend/config/database.go:63.15,64.36 1 1
backend/config/database.go:64.36,66.4 1 0
backend/config/database.go:66.9,68.4 1 1
backend/handler/health.go:17.50,19.2 1 1
backend/handler/health.go:29.84,34.17 3 1
backend/handler/health.go:34.17,35.37 1 1
backend/handler/health.go:35.37,38.4 2 1
backend/handler/health.go:41.2,47.53 2 1
backend/handler/hello_world.go:22.58,26.2 1 1
backend/handler/hello_world.go:36.81,44.2 2 1
backend/handler/hello_world.go:54.90,57.2 2 1
backend/handler/hello_world.go:70.93,73.65 2 1
backend/handler/hello_world.go:73.65,76.3 2 1
backend/handler/hello_world.go:78.2,79.16 2 1
backend/handler/hello_world.go:79.16,80.49 1 1
backend/handler/hello_world.go:80.49,83.4 2 1
backend/handler/hello_world.go:84.3,85.9 2 0
backend/handler/hello_world.go:88.2,88.128 1 1
backend/handler/hello_world.go:100.98,102.16 2 1
backend/handler/hello_world.go:102.16,105.3 2 0
backend/handler/hello_world.go:107.2,107.88 1 1
backend/handler/hello_world.go:121.101,124.16 3 1
backend/handler/hello_world.go:124.16,127.3 2 1
backend/handler/hello_world.go:129.2,130.16 2 1
backend/handler/hello_world.go:130.16,131.53 1 1
backend/handler/hello_world.go:131.53,134.4 2 1
backend/handler/hello_world.go:135.3,136.9 2 0
backend/handler/hello_world.go:139.2,139.86 1 1
